jun 20, 2024 12:27:34 P. M. Test main
INFORMACIÓN: Inicio test notas - 20/06/2024 - 12:27
jun 20, 2024 12:44:49 P. M. Test main
INFORMACIÓN: Inicio test notas - 20/06/2024 - 12:44
jun 20, 2024 12:45:14 P. M. Test main
INFORMACIÓN: Inicio test notas - 20/06/2024 - 12:45
jun 20, 2024 12:56:34 P. M. Test main
INFORMACIÓN: Inicio test notas - 20/06/2024 - 12:56
jun 20, 2024 12:57:02 P. M. Test main
INFORMACIÓN: Inicio test notas - 20/06/2024 - 12:57
jun 20, 2024 9:13:36 P. M. Test main
INFORMACIÓN: Inicio test notas - 20/06/2024 - 21:13
jun 20, 2024 9:13:36 P. M. com.example.forevernote.data.dao.NoteDAOSQLite editNote
GRAVE: Error editNote(): [SQLITE_ERROR] SQL error or missing database (near "TABLE": syntax error)
org.sqlite.SQLiteException: [SQLITE_ERROR] SQL error or missing database (near "TABLE": syntax error)
	at org.sqlite.core.DB.newSQLException(DB.java:1179)
	at org.sqlite.core.DB.newSQLException(DB.java:1190)
	at org.sqlite.core.DB.throwex(DB.java:1150)
	at org.sqlite.core.NativeDB.prepare_utf8(Native Method)
	at org.sqlite.core.NativeDB.prepare(NativeDB.java:132)
	at org.sqlite.core.DB.prepare(DB.java:264)
	at org.sqlite.core.CorePreparedStatement.<init>(CorePreparedStatement.java:46)
	at org.sqlite.jdbc3.JDBC3PreparedStatement.<init>(JDBC3PreparedStatement.java:32)
	at org.sqlite.jdbc4.JDBC4PreparedStatement.<init>(JDBC4PreparedStatement.java:25)
	at org.sqlite.jdbc4.JDBC4Connection.prepareStatement(JDBC4Connection.java:34)
	at org.sqlite.jdbc3.JDBC3Connection.prepareStatement(JDBC3Connection.java:225)
	at org.sqlite.jdbc3.JDBC3Connection.prepareStatement(JDBC3Connection.java:205)
	at com.example.forevernote.data.dao.NoteDAOSQLite.editNote(NoteDAOSQLite.java:138)
	at Test.main(Test.java:41)

jun 20, 2024 9:14:18 P. M. Test main
INFORMACIÓN: Inicio test notas - 20/06/2024 - 21:14
jun 20, 2024 9:14:19 P. M. com.example.forevernote.data.dao.NoteDAOSQLite editNote
GRAVE: Error editNote(): [SQLITE_ERROR] SQL error or missing database (near "TABLE": syntax error)
org.sqlite.SQLiteException: [SQLITE_ERROR] SQL error or missing database (near "TABLE": syntax error)
	at org.sqlite.core.DB.newSQLException(DB.java:1179)
	at org.sqlite.core.DB.newSQLException(DB.java:1190)
	at org.sqlite.core.DB.throwex(DB.java:1150)
	at org.sqlite.core.NativeDB.prepare_utf8(Native Method)
	at org.sqlite.core.NativeDB.prepare(NativeDB.java:132)
	at org.sqlite.core.DB.prepare(DB.java:264)
	at org.sqlite.core.CorePreparedStatement.<init>(CorePreparedStatement.java:46)
	at org.sqlite.jdbc3.JDBC3PreparedStatement.<init>(JDBC3PreparedStatement.java:32)
	at org.sqlite.jdbc4.JDBC4PreparedStatement.<init>(JDBC4PreparedStatement.java:25)
	at org.sqlite.jdbc4.JDBC4Connection.prepareStatement(JDBC4Connection.java:34)
	at org.sqlite.jdbc3.JDBC3Connection.prepareStatement(JDBC3Connection.java:225)
	at org.sqlite.jdbc3.JDBC3Connection.prepareStatement(JDBC3Connection.java:205)
	at com.example.forevernote.data.dao.NoteDAOSQLite.editNote(NoteDAOSQLite.java:138)
	at Test.main(Test.java:41)

jun 20, 2024 9:18:23 P. M. Test main
INFORMACIÓN: Inicio test notas - 20/06/2024 - 21:18
jun 20, 2024 9:18:24 P. M. com.example.forevernote.data.dao.NoteDAOSQLite editNote
GRAVE: Error editNote(): [SQLITE_ERROR] SQL error or missing database (near "TABLE": syntax error)
org.sqlite.SQLiteException: [SQLITE_ERROR] SQL error or missing database (near "TABLE": syntax error)
	at org.sqlite.core.DB.newSQLException(DB.java:1179)
	at org.sqlite.core.DB.newSQLException(DB.java:1190)
	at org.sqlite.core.DB.throwex(DB.java:1150)
	at org.sqlite.core.NativeDB.prepare_utf8(Native Method)
	at org.sqlite.core.NativeDB.prepare(NativeDB.java:132)
	at org.sqlite.core.DB.prepare(DB.java:264)
	at org.sqlite.core.CorePreparedStatement.<init>(CorePreparedStatement.java:46)
	at org.sqlite.jdbc3.JDBC3PreparedStatement.<init>(JDBC3PreparedStatement.java:32)
	at org.sqlite.jdbc4.JDBC4PreparedStatement.<init>(JDBC4PreparedStatement.java:25)
	at org.sqlite.jdbc4.JDBC4Connection.prepareStatement(JDBC4Connection.java:34)
	at org.sqlite.jdbc3.JDBC3Connection.prepareStatement(JDBC3Connection.java:225)
	at org.sqlite.jdbc3.JDBC3Connection.prepareStatement(JDBC3Connection.java:205)
	at com.example.forevernote.data.dao.NoteDAOSQLite.editNote(NoteDAOSQLite.java:138)
	at Test.main(Test.java:41)

jun 20, 2024 9:18:44 P. M. Test main
INFORMACIÓN: Inicio test notas - 20/06/2024 - 21:18
jun 22, 2024 4:59:00 P. M. Test main
INFORMACIÓN: Inicio test notas - 22/06/2024 - 16:59
jun 22, 2024 5:57:05 P. M. Test main
INFORMACIÓN: Inicio test notas - 22/06/2024 - 17:57
jun 22, 2024 5:57:06 P. M. org.sqlite.core.NativeDB prepare
MÁS DETALLADO: DriverManager [main] [SQLite EXEC] pragma busy_timeout=3000
jun 22, 2024 5:57:06 P. M. org.sqlite.core.NativeDB prepare
MÁS DETALLADO: DriverManager [main] [SQLite EXEC] begin;
jun 22, 2024 5:57:06 P. M. org.sqlite.core.NativeDB _exec
MÁS DETALLADO: DriverManager [main] [SQLite EXEC] CREATE TABLE IF NOT EXISTS notes(note_id INTEGER PRIMARY KEY AUTOINCREMENT, title TEXT NOT NULL, content TEXT, notebook INTEGER, creation_date TEXT NOT NULL, update_date TEXT)
jun 22, 2024 5:57:06 P. M. org.sqlite.core.NativeDB _exec
MÁS DETALLADO: DriverManager [main] [SQLite EXEC] CREATE TABLE IF NOT EXISTS notebooks(notebook_id INTEGER PRIMARY KEY AUTOINCREMENT, title TEXT NOT NULL UNIQUE, creation_date TEXT, update_date TEXT)
jun 22, 2024 5:57:06 P. M. org.sqlite.core.NativeDB _exec
MÁS DETALLADO: DriverManager [main] [SQLite EXEC] CREATE TABLE IF NOT EXISTS tags(tag_id INTEGER PRIMARY KEY AUTOINCREMENT, title TEXT NOT NULL UNIQUE, creation_date TEXT, update_date TEXT)
jun 22, 2024 5:57:06 P. M. org.sqlite.core.NativeDB _exec
MÁS DETALLADO: DriverManager [main] [SQLite EXEC] CREATE TABLE IF NOT EXISTS notebooksNotes(id INTEGER PRIMARY KEY AUTOINCREMENT, notebook_id INTEGER, note_id INTEGER, FOREIGN KEY (notebook_id) REFERENCES notebooks(notebook_id) MATCH SIMPLE ON UPDATE CASCADE ON DELETE CASCADE, FOREIGN KEY (note_id) REFERENCES notes(note_id) MATCH SIMPLE ON UPDATE CASCADE ON DELETE CASCADE)
jun 22, 2024 5:57:06 P. M. org.sqlite.core.NativeDB _exec
MÁS DETALLADO: DriverManager [main] [SQLite EXEC] CREATE TABLE IF NOT EXISTS tagsNotes(id INTEGER PRIMARY KEY AUTOINCREMENT, tag_id INTEGER, note_id INTEGER, FOREIGN KEY (tag_id) REFERENCES tags(tag_id) MATCH SIMPLE ON UPDATE CASCADE ON DELETE CASCADE, FOREIGN KEY (note_id) REFERENCES notes(note_id) MATCH SIMPLE ON UPDATE CASCADE ON DELETE CASCADE)
jun 22, 2024 5:57:06 P. M. org.sqlite.core.NativeDB prepare
MÁS DETALLADO: DriverManager [main] [SQLite EXEC] commit;
jun 22, 2024 5:57:06 P. M. org.sqlite.core.NativeDB prepare
MÁS DETALLADO: DriverManager [main] [SQLite EXEC] begin;
jun 22, 2024 5:57:06 P. M. org.sqlite.core.NativeDB prepare
MÁS DETALLADO: DriverManager [main] [SQLite EXEC] pragma busy_timeout=3000
jun 22, 2024 5:57:06 P. M. org.sqlite.core.NativeDB prepare
MÁS DETALLADO: DriverManager [main] [SQLite EXEC] begin;
jun 22, 2024 5:57:06 P. M. org.sqlite.core.NativeDB prepare
MÁS DETALLADO: DriverManager [main] [SQLite EXEC] INSERT INTO notes (title, content, creation_date) VALUES (?, ?, ?)
jun 22, 2024 5:57:06 P. M. org.sqlite.core.NativeDB prepare
MÁS DETALLADO: DriverManager [main] [SQLite EXEC] SELECT last_insert_rowid();
jun 22, 2024 5:57:06 P. M. org.sqlite.core.NativeDB prepare
MÁS DETALLADO: DriverManager [main] [SQLite EXEC] INSERT INTO notes (title, content, creation_date) VALUES (?, ?, ?)
jun 22, 2024 5:57:06 P. M. org.sqlite.core.NativeDB prepare
MÁS DETALLADO: DriverManager [main] [SQLite EXEC] SELECT last_insert_rowid();
jun 22, 2024 5:57:06 P. M. org.sqlite.core.NativeDB prepare
MÁS DETALLADO: DriverManager [main] [SQLite EXEC] INSERT INTO notes (title, content, creation_date) VALUES (?, ?, ?)
jun 22, 2024 5:57:06 P. M. org.sqlite.core.NativeDB prepare
MÁS DETALLADO: DriverManager [main] [SQLite EXEC] SELECT last_insert_rowid();
jun 22, 2024 5:57:06 P. M. org.sqlite.core.NativeDB prepare
MÁS DETALLADO: DriverManager [main] [SQLite EXEC] INSERT INTO notes (title, content, creation_date) VALUES (?, ?, ?)
jun 22, 2024 5:57:06 P. M. org.sqlite.core.NativeDB prepare
MÁS DETALLADO: DriverManager [main] [SQLite EXEC] SELECT last_insert_rowid();
jun 22, 2024 5:57:06 P. M. org.sqlite.core.NativeDB prepare
MÁS DETALLADO: DriverManager [main] [SQLite EXEC] SELECT * FROM notes
jun 22, 2024 5:57:06 P. M. org.sqlite.core.NativeDB prepare
MÁS DETALLADO: DriverManager [main] [SQLite EXEC] SELECT DISTINCT tags.tag_id, tags.title, tags.creation_date FROM tagsNotes NATURAL JOIN tags WHERE note_id = ?
jun 22, 2024 5:57:06 P. M. org.sqlite.core.NativeDB prepare
MÁS DETALLADO: DriverManager [main] [SQLite EXEC] SELECT DISTINCT tags.tag_id, tags.title, tags.creation_date FROM tagsNotes NATURAL JOIN tags WHERE note_id = ?
jun 22, 2024 5:57:06 P. M. org.sqlite.core.NativeDB prepare
MÁS DETALLADO: DriverManager [main] [SQLite EXEC] SELECT DISTINCT tags.tag_id, tags.title, tags.creation_date FROM tagsNotes NATURAL JOIN tags WHERE note_id = ?
jun 22, 2024 5:57:06 P. M. org.sqlite.core.NativeDB prepare
MÁS DETALLADO: DriverManager [main] [SQLite EXEC] SELECT DISTINCT tags.tag_id, tags.title, tags.creation_date FROM tagsNotes NATURAL JOIN tags WHERE note_id = ?
jun 22, 2024 5:57:06 P. M. org.sqlite.core.NativeDB prepare
MÁS DETALLADO: DriverManager [main] [SQLite EXEC] UPDATE notes SET title = ?, content = ? WHERE note_id = ?
jun 22, 2024 5:57:06 P. M. org.sqlite.core.NativeDB prepare
MÁS DETALLADO: DriverManager [main] [SQLite EXEC] SELECT * FROM notes
jun 22, 2024 5:57:06 P. M. org.sqlite.core.NativeDB prepare
MÁS DETALLADO: DriverManager [main] [SQLite EXEC] SELECT DISTINCT tags.tag_id, tags.title, tags.creation_date FROM tagsNotes NATURAL JOIN tags WHERE note_id = ?
jun 22, 2024 5:57:06 P. M. org.sqlite.core.NativeDB prepare
MÁS DETALLADO: DriverManager [main] [SQLite EXEC] SELECT DISTINCT tags.tag_id, tags.title, tags.creation_date FROM tagsNotes NATURAL JOIN tags WHERE note_id = ?
jun 22, 2024 5:57:06 P. M. org.sqlite.core.NativeDB prepare
MÁS DETALLADO: DriverManager [main] [SQLite EXEC] SELECT DISTINCT tags.tag_id, tags.title, tags.creation_date FROM tagsNotes NATURAL JOIN tags WHERE note_id = ?
jun 22, 2024 5:57:06 P. M. org.sqlite.core.NativeDB prepare
MÁS DETALLADO: DriverManager [main] [SQLite EXEC] SELECT DISTINCT tags.tag_id, tags.title, tags.creation_date FROM tagsNotes NATURAL JOIN tags WHERE note_id = ?
jun 22, 2024 5:59:18 P. M. Test main
INFORMACIÓN: Inicio test notas - 22/06/2024 - 17:59
jun 22, 2024 5:59:18 P. M. org.sqlite.core.NativeDB prepare
MÁS DETALLADO: DriverManager [main] [SQLite EXEC] pragma busy_timeout=3000
jun 22, 2024 5:59:18 P. M. org.sqlite.core.NativeDB prepare
MÁS DETALLADO: DriverManager [main] [SQLite EXEC] begin;
jun 22, 2024 5:59:18 P. M. org.sqlite.core.NativeDB _exec
MÁS DETALLADO: DriverManager [main] [SQLite EXEC] CREATE TABLE IF NOT EXISTS notes(note_id INTEGER PRIMARY KEY AUTOINCREMENT, title TEXT NOT NULL, content TEXT, notebook INTEGER, creation_date TEXT NOT NULL, update_date TEXT)
jun 22, 2024 5:59:18 P. M. org.sqlite.core.NativeDB _exec
MÁS DETALLADO: DriverManager [main] [SQLite EXEC] CREATE TABLE IF NOT EXISTS notebooks(notebook_id INTEGER PRIMARY KEY AUTOINCREMENT, title TEXT NOT NULL UNIQUE, creation_date TEXT, update_date TEXT)
jun 22, 2024 5:59:18 P. M. org.sqlite.core.NativeDB _exec
MÁS DETALLADO: DriverManager [main] [SQLite EXEC] CREATE TABLE IF NOT EXISTS tags(tag_id INTEGER PRIMARY KEY AUTOINCREMENT, title TEXT NOT NULL UNIQUE, creation_date TEXT, update_date TEXT)
jun 22, 2024 5:59:18 P. M. org.sqlite.core.NativeDB _exec
MÁS DETALLADO: DriverManager [main] [SQLite EXEC] CREATE TABLE IF NOT EXISTS notebooksNotes(id INTEGER PRIMARY KEY AUTOINCREMENT, notebook_id INTEGER, note_id INTEGER, FOREIGN KEY (notebook_id) REFERENCES notebooks(notebook_id) MATCH SIMPLE ON UPDATE CASCADE ON DELETE CASCADE, FOREIGN KEY (note_id) REFERENCES notes(note_id) MATCH SIMPLE ON UPDATE CASCADE ON DELETE CASCADE)
jun 22, 2024 5:59:18 P. M. org.sqlite.core.NativeDB _exec
MÁS DETALLADO: DriverManager [main] [SQLite EXEC] CREATE TABLE IF NOT EXISTS tagsNotes(id INTEGER PRIMARY KEY AUTOINCREMENT, tag_id INTEGER, note_id INTEGER, FOREIGN KEY (tag_id) REFERENCES tags(tag_id) MATCH SIMPLE ON UPDATE CASCADE ON DELETE CASCADE, FOREIGN KEY (note_id) REFERENCES notes(note_id) MATCH SIMPLE ON UPDATE CASCADE ON DELETE CASCADE)
jun 22, 2024 5:59:18 P. M. org.sqlite.core.NativeDB prepare
MÁS DETALLADO: DriverManager [main] [SQLite EXEC] commit;
jun 22, 2024 5:59:18 P. M. org.sqlite.core.NativeDB prepare
MÁS DETALLADO: DriverManager [main] [SQLite EXEC] begin;
jun 22, 2024 5:59:18 P. M. org.sqlite.core.NativeDB prepare
MÁS DETALLADO: DriverManager [main] [SQLite EXEC] pragma busy_timeout=3000
jun 22, 2024 5:59:18 P. M. org.sqlite.core.NativeDB prepare
MÁS DETALLADO: DriverManager [main] [SQLite EXEC] begin;
jun 22, 2024 5:59:18 P. M. org.sqlite.core.NativeDB prepare
MÁS DETALLADO: DriverManager [main] [SQLite EXEC] INSERT INTO notes (title, content, creation_date) VALUES (?, ?, ?)
jun 22, 2024 5:59:18 P. M. org.sqlite.core.NativeDB prepare
MÁS DETALLADO: DriverManager [main] [SQLite EXEC] SELECT last_insert_rowid();
jun 22, 2024 5:59:18 P. M. org.sqlite.core.NativeDB prepare
MÁS DETALLADO: DriverManager [main] [SQLite EXEC] INSERT INTO notes (title, content, creation_date) VALUES (?, ?, ?)
jun 22, 2024 5:59:18 P. M. org.sqlite.core.NativeDB prepare
MÁS DETALLADO: DriverManager [main] [SQLite EXEC] SELECT last_insert_rowid();
jun 22, 2024 5:59:18 P. M. org.sqlite.core.NativeDB prepare
MÁS DETALLADO: DriverManager [main] [SQLite EXEC] INSERT INTO notes (title, content, creation_date) VALUES (?, ?, ?)
jun 22, 2024 5:59:18 P. M. org.sqlite.core.NativeDB prepare
MÁS DETALLADO: DriverManager [main] [SQLite EXEC] SELECT last_insert_rowid();
jun 22, 2024 5:59:18 P. M. org.sqlite.core.NativeDB prepare
MÁS DETALLADO: DriverManager [main] [SQLite EXEC] INSERT INTO notes (title, content, creation_date) VALUES (?, ?, ?)
jun 22, 2024 5:59:18 P. M. org.sqlite.core.NativeDB prepare
MÁS DETALLADO: DriverManager [main] [SQLite EXEC] SELECT last_insert_rowid();
jun 22, 2024 5:59:18 P. M. org.sqlite.core.NativeDB prepare
MÁS DETALLADO: DriverManager [main] [SQLite EXEC] SELECT * FROM notes
jun 22, 2024 5:59:18 P. M. org.sqlite.core.NativeDB prepare
MÁS DETALLADO: DriverManager [main] [SQLite EXEC] SELECT DISTINCT tags.tag_id, tags.title, tags.creation_date FROM tagsNotes NATURAL JOIN tags WHERE note_id = ?
jun 22, 2024 5:59:18 P. M. org.sqlite.core.NativeDB prepare
MÁS DETALLADO: DriverManager [main] [SQLite EXEC] SELECT DISTINCT tags.tag_id, tags.title, tags.creation_date FROM tagsNotes NATURAL JOIN tags WHERE note_id = ?
jun 22, 2024 5:59:18 P. M. org.sqlite.core.NativeDB prepare
MÁS DETALLADO: DriverManager [main] [SQLite EXEC] SELECT DISTINCT tags.tag_id, tags.title, tags.creation_date FROM tagsNotes NATURAL JOIN tags WHERE note_id = ?
jun 22, 2024 5:59:18 P. M. org.sqlite.core.NativeDB prepare
MÁS DETALLADO: DriverManager [main] [SQLite EXEC] SELECT DISTINCT tags.tag_id, tags.title, tags.creation_date FROM tagsNotes NATURAL JOIN tags WHERE note_id = ?
jun 22, 2024 5:59:18 P. M. org.sqlite.core.NativeDB prepare
MÁS DETALLADO: DriverManager [main] [SQLite EXEC] UPDATE notes SET title = ?, content = ? WHERE note_id = ?
jun 22, 2024 5:59:18 P. M. org.sqlite.core.NativeDB prepare
MÁS DETALLADO: DriverManager [main] [SQLite EXEC] SELECT * FROM notes
jun 22, 2024 5:59:18 P. M. org.sqlite.core.NativeDB prepare
MÁS DETALLADO: DriverManager [main] [SQLite EXEC] SELECT DISTINCT tags.tag_id, tags.title, tags.creation_date FROM tagsNotes NATURAL JOIN tags WHERE note_id = ?
jun 22, 2024 5:59:18 P. M. org.sqlite.core.NativeDB prepare
MÁS DETALLADO: DriverManager [main] [SQLite EXEC] SELECT DISTINCT tags.tag_id, tags.title, tags.creation_date FROM tagsNotes NATURAL JOIN tags WHERE note_id = ?
jun 22, 2024 5:59:18 P. M. org.sqlite.core.NativeDB prepare
MÁS DETALLADO: DriverManager [main] [SQLite EXEC] SELECT DISTINCT tags.tag_id, tags.title, tags.creation_date FROM tagsNotes NATURAL JOIN tags WHERE note_id = ?
jun 22, 2024 5:59:18 P. M. org.sqlite.core.NativeDB prepare
MÁS DETALLADO: DriverManager [main] [SQLite EXEC] SELECT DISTINCT tags.tag_id, tags.title, tags.creation_date FROM tagsNotes NATURAL JOIN tags WHERE note_id = ?
